{"level":"info","ts":1731590696.033736,"msg":"uri /api/user/register method POST status 404 duration 153.042µs size 19"}
{"level":"info","ts":1731590740.934411,"msg":"uri /api/user/register method POST status 404 duration 452.375µs size 19"}
{"level":"info","ts":1731590775.420095,"msg":"uri /api/user/register method POST status 404 duration 176.5µs size 19"}
{"level":"info","ts":1731590778.3565671,"msg":"uri /api/user/register method POST status 404 duration 21.458µs size 19"}
{"level":"info","ts":1731590793.819324,"msg":"uri /api/user/login method POST status 404 duration 34.5µs size 19"}
{"level":"info","ts":1731590794.98988,"msg":"uri /api/user/login method POST status 404 duration 35.167µs size 19"}
{"level":"info","ts":1731590834.440342,"msg":"uri /api/user/login method GET status 404 duration 363.959µs size 19"}
{"level":"info","ts":1731590838.136967,"msg":"uri /api/user/login method POST status 404 duration 15.125µs size 19"}
{"level":"info","ts":1731590847.5068889,"msg":"uri /api/user/login method POST status 404 duration 103.708µs size 19"}
{"level":"info","ts":1731590858.670489,"msg":"uri /api/user/login method GET status 404 duration 60.417µs size 19"}
{"level":"info","ts":1731590859.067041,"msg":"uri /favicon.ico method GET status 404 duration 24.916µs size 19"}
{"level":"info","ts":1731591380.0287611,"msg":"uri /api/user/login method POST status 404 duration 424.292µs size 19"}
{"level":"info","ts":1731591380.2821,"msg":"uri /api/user/login method POST status 404 duration 18.459µs size 19"}
{"level":"info","ts":1731591421.050158,"msg":"uri /api/user/login method POST status 404 duration 114.542µs size 19"}
{"level":"info","ts":1731591585.615283,"msg":"uri /api/user/login method GET status 404 duration 47.25µs size 19"}
{"level":"info","ts":1731591585.862392,"msg":"uri /api/user/login method GET status 404 duration 22.667µs size 19"}
{"level":"info","ts":1731591586.569243,"msg":"uri /api/user/login method GET status 404 duration 31.667µs size 19"}
{"level":"info","ts":1731591587.349469,"msg":"uri /api/user/login method GET status 404 duration 24.958µs size 19"}
{"level":"info","ts":1731591588.1676018,"msg":"uri /api/user/login method GET status 404 duration 28.291µs size 19"}
{"level":"info","ts":1731591602.696178,"msg":"uri /api/user/login method GET status 404 duration 15.708µs size 19"}
{"level":"info","ts":1731591603.5462668,"msg":"uri /api/user/login method GET status 404 duration 43.333µs size 19"}
{"level":"info","ts":1731591605.469861,"msg":"uri /api/user/login method GET status 404 duration 44.542µs size 19"}
{"level":"info","ts":1731591609.012919,"msg":"uri /api/user/login method GET status 404 duration 74.833µs size 19"}
{"level":"info","ts":1731591618.2874198,"msg":"uri /api/user/login method GET status 405 duration 8.917µs size 0"}
{"level":"info","ts":1731591619.8510149,"msg":"uri /api/user/login method GET status 405 duration 37.25µs size 0"}
{"level":"info","ts":1731591624.8865972,"msg":"uri /api/user/login method POST status 400 duration 426.542µs size 16"}
{"level":"info","ts":1731591632.352822,"msg":"uri /api/user/login method POST status 400 duration 79.375µs size 16"}
{"level":"info","ts":1731591639.764288,"msg":"uri /api/user/login method POST status 400 duration 241.792µs size 16"}
{"level":"info","ts":1731592234.244568,"msg":"uri /api/user/register method POST status 400 duration 2.405542ms size 29"}
{"level":"info","ts":1731592252.86658,"msg":"uri /api/user/register method POST status 400 duration 2.158375ms size 29"}
{"level":"info","ts":1731592355.2958112,"msg":"uri /api/user/register method POST status 400 duration 2.594958ms size 29"}
{"level":"info","ts":1731592360.62815,"msg":"uri /api/user/register method POST status 400 duration 115.792µs size 29"}
{"level":"info","ts":1731592386.7584572,"msg":"uri /api/user/login method GET status 405 duration 737.083µs size 0"}
{"level":"info","ts":1731592594.365483,"msg":"uri /api/user/register method GET status 405 duration 112.25µs size 0"}
{"level":"info","ts":1731592596.548625,"msg":"uri /api/user/register method GET status 405 duration 64.708µs size 0"}
{"level":"info","ts":1731592647.2508008,"msg":"uri /api/user/register method GET status 405 duration 86µs size 0"}
{"level":"info","ts":1731593441.385739,"msg":"uri /api/user/register method POST status 500 duration 125.320959ms size 22"}
{"level":"info","ts":1731593458.439007,"msg":"uri /api/user/register method POST status 409 duration 10.710916ms size 19"}
{"level":"info","ts":1731593468.981489,"msg":"uri /api/user/register method POST status 200 duration 13.11975ms size 0"}
{"level":"info","ts":1731593469.246968,"msg":"uri /api/user/register method POST status 409 duration 2.173417ms size 19"}
{"level":"info","ts":1731593489.486778,"msg":"uri /api/user/register method POST status 200 duration 18.118375ms size 0"}
{"level":"info","ts":1731593554.156147,"msg":"uri /api/user/login method POST status 401 duration 19.778708ms size 15"}
{"level":"info","ts":1731593574.529521,"msg":"uri /api/user/login method POST status 401 duration 10.052583ms size 15"}
{"level":"info","ts":1731593580.78443,"msg":"uri /api/user/login method POST status 401 duration 7.258333ms size 15"}
{"level":"info","ts":1731593606.7391229,"msg":"uri /api/user/login method POST status 401 duration 5.621584ms size 15"}
{"level":"info","ts":1731593611.274206,"msg":"uri /api/user/login method POST status 401 duration 3.955583ms size 15"}
{"level":"info","ts":1731593650.384814,"msg":"uri /api/user/login method POST status 401 duration 10.844667ms size 15"}
{"level":"info","ts":1731593668.200382,"msg":"uri /api/user/login method POST status 401 duration 14.590208ms size 15"}
{"level":"info","ts":1731593798.526368,"msg":"uri /api/user/register method POST status 409 duration 13.094792ms size 19"}
{"level":"info","ts":1731593809.836833,"msg":"uri /api/user/register method POST status 200 duration 17.152041ms size 0"}
{"level":"info","ts":1731593845.2346408,"msg":"uri /api/user/login method POST status 401 duration 5.236959ms size 15"}
{"level":"info","ts":1731595261.519188,"msg":"uri /api/user/login method POST status 401 duration 25.662042ms size 15"}
{"level":"info","ts":1731595271.426232,"msg":"uri /api/user/login method POST status 401 duration 10.651792ms size 15"}
{"level":"info","ts":1731596490.6989179,"msg":"uri /api/user/register method POST status 200 duration 18.42825ms size 0"}
{"level":"info","ts":1731596507.691581,"msg":"uri /api/user/register method POST status 409 duration 11.970959ms size 19"}
{"level":"info","ts":1731596527.8423371,"msg":"uri /api/user/login method POST status 401 duration 6.580375ms size 15"}
{"level":"info","ts":1731596542.149166,"msg":"uri /api/user/login method POST status 401 duration 12.221541ms size 15"}
{"level":"info","ts":1731915462.8268669,"msg":"uri /api/user/login method POST status 401 duration 18.959209ms size 15"}
{"level":"info","ts":1731915469.040098,"msg":"uri /api/user/login method POST status 401 duration 5.914667ms size 15"}
{"level":"info","ts":1731916841.503881,"msg":"uri /kktservice/api/v2 method POST status 404 duration 513.542µs size 19"}
{"level":"info","ts":1731916845.7199109,"msg":"uri /kktservice/api/v2 method POST status 404 duration 11.208µs size 19"}
{"level":"info","ts":1731916859.75472,"msg":"uri /kktservice/api/v2 method POST status 404 duration 57.5µs size 19"}
{"level":"info","ts":1731916870.7466722,"msg":"uri /kktservice/api/v2 method POST status 404 duration 19.625µs size 19"}
{"level":"info","ts":1731916873.344311,"msg":"uri /kktservice/api/v2 method POST status 404 duration 28.666µs size 19"}
{"level":"info","ts":1731916887.6593559,"msg":"uri /kktservice/api/v2 method POST status 404 duration 36.125µs size 19"}
{"level":"info","ts":1731916930.97612,"msg":"uri /kktservice/api/v2 method POST status 404 duration 29.334µs size 19"}
{"level":"info","ts":1731921818.417321,"msg":"uri /api/user/login method POST status 401 duration 14.080917ms size 15"}
{"level":"info","ts":1731921831.232214,"msg":"uri /api/user/register method POST status 200 duration 112.439958ms size 0"}
{"level":"info","ts":1731921860.512226,"msg":"uri /api/user/login method POST status 401 duration 7.453167ms size 15"}
{"level":"info","ts":1731921876.029469,"msg":"uri /api/user/login method POST status 401 duration 5.007125ms size 15"}
{"level":"info","ts":1731921877.325074,"msg":"uri /api/user/login method POST status 401 duration 2.784667ms size 15"}
{"level":"info","ts":1731921933.237518,"msg":"uri /api/user/register method POST status 409 duration 9.418041ms size 19"}
{"level":"info","ts":1731921939.197349,"msg":"uri /api/user/login method POST status 401 duration 5.292583ms size 15"}
{"level":"info","ts":1731921979.7982101,"msg":"uri /api/user/login method POST status 401 duration 9.914167ms size 15"}
{"level":"info","ts":1731921982.029036,"msg":"uri /api/user/login method POST status 401 duration 2.100167ms size 15"}
{"level":"info","ts":1731921985.4907022,"msg":"uri /api/user/login method POST status 201 duration 107.053292ms size 0"}
{"level":"info","ts":1731922039.871223,"msg":"uri /api/user/login method POST status 401 duration 132.334375ms size 15"}
