{"level":"info","ts":1732741398.819521,"msg":"uri /api/user/register method POST status 500 duration 1m12.463964042s size 57"}
{"level":"info","ts":1732741486.59011,"msg":"uri /api/user/register method POST status 409 duration 11.707677792s size 48"}
{"level":"info","ts":1732742098.297057,"msg":"uri /api/user/register method POST status 200 duration 3m11.416427417s size 23"}
{"level":"info","ts":1732742259.9604359,"msg":"uri /api/user/register method POST status 200 duration 18.280757334s size 23"}
{"level":"info","ts":1732742274.0525298,"msg":"uri /api/user/orders method POST status 400 duration 1.07975ms size 170"}
{"level":"info","ts":1732742295.7011971,"msg":"uri /api/user/orders method POST status 400 duration 2.271833ms size 156"}
{"level":"info","ts":1732742318.575119,"msg":"uri /api/user/orders method POST status 401 duration 1.369542ms size 120"}
{"level":"info","ts":1732742344.811042,"msg":"uri /api/user/orders method POST status 401 duration 894.542µs size 120"}
{"level":"info","ts":1732742458.496321,"msg":"uri /api/user/register method POST status 200 duration 110.819041ms size 23"}
{"level":"info","ts":1732742512.379214,"msg":"uri /api/user/register method POST status 200 duration 95.927542ms size 23"}
{"level":"info","ts":1732742652.2869911,"msg":"uri /api/user/orders method POST status 401 duration 2m11.040653584s size 120"}
{"level":"info","ts":1732742836.774556,"msg":"uri /api/user/register method POST status 200 duration 134.948959ms size 23"}
{"level":"info","ts":1732742925.981932,"msg":"uri /api/user/orders method POST status 202 duration 1m15.178188958s size 23"}
{"level":"info","ts":1732743071.392025,"msg":"uri /api/user/register method POST status 200 duration 121.897208ms size 23"}
{"level":"info","ts":1732743094.8301492,"msg":"uri /api/user/orders method POST status 400 duration 14.036491458s size 170"}
{"level":"info","ts":1732743204.348465,"msg":"uri /api/user/orders method POST status 202 duration 1m24.52919975s size 23"}
{"level":"info","ts":1732778894.242326,"msg":"uri /api/user/orders method POST status 200 duration 3m53.044619375s size 64"}
{"level":"info","ts":1732779921.377795,"msg":"uri /api/user/orders method POST status 200 duration 11.276623584s size 64"}
{"level":"info","ts":1732779985.28265,"msg":"uri /api/user/orders method POST status 200 duration 32.551904208s size 64"}
{"level":"info","ts":1732780340.131428,"msg":"uri /api/user/orders method POST status 422 duration 11.091283417s size 56"}
{"level":"info","ts":1732780393.777617,"msg":"uri /api/user/orders method POST status 200 duration 26.108518083s size 64"}
{"level":"info","ts":1732780446.715966,"msg":"uri /api/user/orders method POST status 202 duration 39.287371292s size 23"}
{"level":"info","ts":1732780682.022969,"msg":"uri /api/user/register method POST status 200 duration 117.60725ms size 23"}
{"level":"info","ts":1732780812.67754,"msg":"uri /api/user/orders method POST status 409 duration 1m49.303454291s size 67"}
{"level":"info","ts":1732781899.54721,"msg":"uri /api/user/register method POST status 409 duration 13.326875ms size 48"}
{"level":"info","ts":1732781954.817572,"msg":"uri /api/user/login method POST status 200 duration 102.075792ms size 23"}
{"level":"info","ts":1732781974.738699,"msg":"uri /api/user/orders method POST status 401 duration 823.834µs size 71"}
{"level":"info","ts":1732782028.4274418,"msg":"uri /api/user/orders method POST status 400 duration 8.1741905s size 151"}
{"level":"info","ts":1732782304.4067159,"msg":"uri /api/user/orders method POST status 409 duration 9.996998583s size 67"}
{"level":"info","ts":1732811492.389635,"msg":"uri /api/user/orders method POST status 409 duration 14.339458ms size 67"}
{"level":"info","ts":1732811544.5242,"msg":"uri /api/user/orders method POST status 422 duration 3.867792ms size 56"}
{"level":"info","ts":1732811584.641518,"msg":"uri /api/user/orders method POST status 202 duration 27.736917ms size 23"}
{"level":"info","ts":1732811596.8181021,"msg":"uri /api/user/orders method POST status 202 duration 17.114875ms size 23"}
{"level":"info","ts":1732811606.509687,"msg":"uri /api/user/orders method GET status 0 duration 13.321625ms size 147"}
{"level":"info","ts":1732811609.3892438,"msg":"uri /api/user/orders method GET status 0 duration 3.12425ms size 147"}
{"level":"info","ts":1732811637.808322,"msg":"uri /api/user/balance method GET status 0 duration 7.707167ms size 56"}
{"level":"info","ts":1732811640.199339,"msg":"uri /api/user/balance method GET status 0 duration 4.954375ms size 56"}
{"level":"info","ts":1733082267.427912,"msg":"uri /api/user/login method POST status 200 duration 98.191416ms size 23"}
{"level":"info","ts":1733082283.488827,"msg":"uri /api/user/orders method GET status 0 duration 13.336625ms size 147"}
{"level":"info","ts":1733082312.852013,"msg":"uri /api/user/orders method GET status 0 duration 14.775334ms size 147"}
{"level":"info","ts":1733082313.710952,"msg":"uri /api/user/orders method GET status 0 duration 4.8845ms size 147"}
{"level":"info","ts":1733082320.734163,"msg":"uri /api/user/balance method GET status 0 duration 8.590959ms size 56"}
{"level":"info","ts":1733082874.212,"msg":"uri /api/user/login method POST status 200 duration 109.684584ms size 23"}
{"level":"info","ts":1733082892.6891751,"msg":"uri /api/user/orders method POST status 200 duration 3.403667ms size 64"}
{"level":"info","ts":1733082902.729641,"msg":"uri /api/user/orders method GET status 0 duration 12.091583ms size 147"}
{"level":"info","ts":1733082904.7902021,"msg":"uri /api/user/orders method GET status 0 duration 4.223125ms size 147"}
{"level":"info","ts":1733082905.517382,"msg":"uri /api/user/orders method GET status 0 duration 4.436833ms size 147"}
{"level":"info","ts":1733082906.213311,"msg":"uri /api/user/orders method GET status 0 duration 4.488875ms size 147"}
{"level":"info","ts":1733082922.183077,"msg":"uri /api/user/balance method GET status 0 duration 7.368125ms size 56"}
{"level":"info","ts":1733082924.813767,"msg":"uri /api/user/balance method GET status 0 duration 4.973167ms size 56"}
{"level":"info","ts":1733082925.6821618,"msg":"uri /api/user/balance method GET status 0 duration 5.598291ms size 56"}
{"level":"info","ts":1733082979.233511,"msg":"uri /api/user/orders method POST status 202 duration 32.782208ms size 23"}
{"level":"info","ts":1733082990.945327,"msg":"uri /api/user/orders method POST status 202 duration 16.522375ms size 23"}
{"level":"info","ts":1733082993.7690282,"msg":"uri /api/user/orders method GET status 0 duration 7.145084ms size 149"}
{"level":"info","ts":1733082995.624046,"msg":"uri /api/user/orders method GET status 0 duration 6.302917ms size 149"}
{"level":"info","ts":1733082996.230434,"msg":"uri /api/user/orders method GET status 0 duration 2.702791ms size 149"}
{"level":"info","ts":1733082996.999273,"msg":"uri /api/user/orders method GET status 0 duration 3.737666ms size 149"}
{"level":"error","ts":1733083037.606369,"msg":"Failed to write response","error":"http: request method or response status code does not allow body"}
{"level":"info","ts":1733083037.607022,"msg":"uri /api/user/orders method GET status 204 duration 19.02125ms size 0"}
{"level":"info","ts":1733083054.320931,"msg":"uri /api/user/orders method POST status 202 duration 19.431667ms size 23"}
{"level":"info","ts":1733083057.439635,"msg":"uri /api/user/orders method GET status 0 duration 4.17875ms size 126"}
{"level":"info","ts":1733083059.691482,"msg":"uri /api/user/orders method GET status 0 duration 6.873458ms size 126"}
{"level":"info","ts":1733083075.083889,"msg":"uri /api/user/orders method POST status 202 duration 22.76325ms size 23"}
{"level":"info","ts":1733083188.42186,"msg":"uri /api/user/orders method POST status 202 duration 21.574875ms size 23"}
{"level":"info","ts":1733083237.548982,"msg":"uri /api/user/orders method POST status 200 duration 13.338959ms size 64"}
{"level":"info","ts":1733083329.1408482,"msg":"uri /api/user/orders method POST status 202 duration 1m24.305478125s size 23"}
{"level":"info","ts":1733083332.9765089,"msg":"uri /api/user/orders method POST status 200 duration 5.856708ms size 64"}
{"level":"info","ts":1733083359.026966,"msg":"uri /api/user/orders method POST status 202 duration 24.902708ms size 23"}
{"level":"info","ts":1733083372.0156522,"msg":"uri /api/user/orders method POST status 200 duration 12.840792ms size 64"}
{"level":"info","ts":1733083430.854524,"msg":"uri /api/user/orders method POST status 200 duration 11.866417ms size 64"}
{"level":"info","ts":1733083432.2615418,"msg":"uri /api/user/orders method POST status 200 duration 1.849667ms size 64"}
{"level":"info","ts":1733083472.7519228,"msg":"uri /api/user/orders method POST status 200 duration 10.690125ms size 64"}
{"level":"info","ts":1733083485.353718,"msg":"uri /api/user/orders method POST status 202 duration 15.654625ms size 23"}
{"level":"info","ts":1733083584.833421,"msg":"uri /api/user/orders method POST status 202 duration 24.137625ms size 23"}
{"level":"info","ts":1733083633.11862,"msg":"uri /api/user/orders method POST status 200 duration 11.973041ms size 64"}
{"level":"info","ts":1733126680.838342,"msg":"uri /api/user/login method POST status 200 duration 107.077958ms size 23"}
{"level":"info","ts":1733126721.3212218,"msg":"uri /api/user/orders method POST status 200 duration 18.777417ms size 64"}
{"level":"info","ts":1733126732.415714,"msg":"uri /api/user/orders method GET status 0 duration 7.027708ms size 148"}
{"level":"info","ts":1733126735.76393,"msg":"uri /api/user/orders method GET status 0 duration 12.542583ms size 148"}
{"level":"info","ts":1733126748.276754,"msg":"uri /api/user/orders method POST status 200 duration 6.217833ms size 64"}
{"level":"info","ts":1733126770.204318,"msg":"uri /api/user/orders method POST status 202 duration 31.924792ms size 23"}
{"level":"info","ts":1733127373.2685702,"msg":"uri /api/user/login method POST status 200 duration 109.517333ms size 23"}
{"level":"info","ts":1733127386.6591349,"msg":"uri /api/user/orders method POST status 200 duration 9.559333ms size 64"}
{"level":"info","ts":1733127404.285953,"msg":"uri /api/user/orders method POST status 202 duration 36.261334ms size 23"}
{"level":"info","ts":1733127429.152825,"msg":"uri /api/user/orders method GET status 0 duration 10.504167ms size 188"}
{"level":"info","ts":1733127433.108693,"msg":"uri /api/user/orders method GET status 0 duration 5.747708ms size 188"}
{"level":"info","ts":1733127446.2754428,"msg":"uri /api/user/orders method POST status 200 duration 5.418083ms size 64"}
{"level":"info","ts":1733127449.9432251,"msg":"uri /api/user/orders method GET status 0 duration 7.761208ms size 188"}
{"level":"info","ts":1733127469.077625,"msg":"uri /api/user/orders method GET status 0 duration 13.45275ms size 188"}
{"level":"info","ts":1733127482.428042,"msg":"uri /api/user/orders method POST status 202 duration 26.721042ms size 23"}
{"level":"info","ts":1733127486.91856,"msg":"uri /api/user/orders method GET status 0 duration 6.171666ms size 199"}
{"level":"info","ts":1733127489.8736598,"msg":"uri /api/user/orders method GET status 0 duration 4.889167ms size 199"}
{"level":"info","ts":1733127490.4364722,"msg":"uri /api/user/orders method GET status 0 duration 4.534375ms size 199"}
{"level":"info","ts":1733130584.043772,"msg":"uri /api/user/login method POST status 200 duration 92.861666ms size 23"}
{"level":"info","ts":1733130602.843866,"msg":"uri /api/user/orders method POST status 202 duration 8.566819792s size 23"}
{"level":"info","ts":1733130623.9627001,"msg":"uri /api/user/orders method POST status 200 duration 16.349542ms size 64"}
